<?xml version="1.0" encoding="UTF-8"?>
<!-- Generated by org.testng.reporters.JUnitReportReporter -->
<testsuite hostname="DESKTOP-3J251JV" failures="0" tests="2" name="com.testng.TestNGexamples" time="0.012" errors="0" timestamp="16 May 2024 05:17:17 GMT">
  <testcase classname="com.testng.TestNGexamples" name="deleteemp" time="0.006"/>
  <testcase classname="com.testng.TestNGexamples" name="addemp" time="0.006"/>
</testsuite> <!-- com.testng.TestNGexamples -->
